Hello, this is a ULS job training test
The starting time is Tue May 28 08:01:07 CEST 2024
This version is trained on nnUNet_preprocessed_augment
Training on 2d
Using device: cuda:0

#######################################################################
Please cite the following paper when using nnU-Net:
Isensee, F., Jaeger, P. F., Kohl, S. A., Petersen, J., & Maier-Hein, K. H. (2021). nnU-Net: a self-configuring method for deep learning-based biomedical image segmentation. Nature methods, 18(2), 203-211.
#######################################################################

/home/ljulius/miniconda3/envs/uls/lib/python3.9/site-packages/torch/optim/lr_scheduler.py:28: UserWarning: The verbose parameter is deprecated. Please use get_last_lr() to access the learning rate.
  warnings.warn("The verbose parameter is deprecated. Please use get_last_lr() "

This is the configuration used by this training:
Configuration name: 2d
 {'data_identifier': 'nnUNetPlans_2d', 'preprocessor_name': 'DefaultPreprocessor', 'batch_size': 49, 'patch_size': [256, 256], 'median_image_size_in_voxels': [255.0, 255.0], 'spacing': [0.7578125, 0.7578125], 'normalization_schemes': ['CTNormalization'], 'use_mask_for_norm': [False], 'UNet_class_name': 'PlainConvUNet', 'UNet_base_num_features': 32, 'n_conv_per_stage_encoder': [2, 2, 2, 2, 2, 2, 2], 'n_conv_per_stage_decoder': [2, 2, 2, 2, 2, 2], 'num_pool_per_axis': [6, 6], 'pool_op_kernel_sizes': [[1, 1], [2, 2], [2, 2], [2, 2], [2, 2], [2, 2], [2, 2]], 'conv_kernel_sizes': [[3, 3], [3, 3], [3, 3], [3, 3], [3, 3], [3, 3], [3, 3]], 'unet_max_num_features': 512, 'resampling_fn_data': 'no_resampling_data_or_seg_to_shape', 'resampling_fn_seg': 'no_resampling_data_or_seg_to_shape', 'resampling_fn_data_kwargs': {'is_seg': False, 'order': 3, 'order_z': 0, 'force_separate_z': None}, 'resampling_fn_seg_kwargs': {'is_seg': True, 'order': 1, 'order_z': 0, 'force_separate_z': None}, 'resampling_fn_probabilities': 'no_resampling_data_or_seg_to_shape', 'resampling_fn_probabilities_kwargs': {'is_seg': False, 'order': 1, 'order_z': 0, 'force_separate_z': None}, 'batch_dice': True} 

These are the global plan.json settings:
 {'dataset_name': 'Dataset501_RadboudumcBone', 'plans_name': 'nnUNetPlans', 'original_median_spacing_after_transp': [0.800000011920929, 0.7578125, 0.7578125], 'original_median_shape_after_transp': [128, 256, 256], 'image_reader_writer': 'SimpleITKIO', 'transpose_forward': [0, 1, 2], 'transpose_backward': [0, 1, 2], 'experiment_planner_used': 'ExperimentPlannerNoResampling', 'label_manager': 'LabelManager', 'foreground_intensity_properties_per_channel': {'0': {'max': 2782.0, 'mean': 1175.083251953125, 'median': 1230.0, 'min': -935.0, 'percentile_00_5': 33.0, 'percentile_99_5': 2269.0, 'std': 513.393310546875}}} 

2024-05-28 08:02:48.696778: unpacking dataset...
multiprocessing.pool.RemoteTraceback: 
"""
Traceback (most recent call last):
  File "/home/ljulius/miniconda3/envs/uls/lib/python3.9/multiprocessing/pool.py", line 125, in worker
    result = (True, func(*args, **kwds))
  File "/home/ljulius/miniconda3/envs/uls/lib/python3.9/multiprocessing/pool.py", line 51, in starmapstar
    return list(itertools.starmap(args[0], args[1]))
  File "/gpfs/home4/ljulius/algorithm/nnunet/nnunetv2/training/dataloading/utils.py", line 95, in _convert_to_npy
    np.save(npz_file[:-3] + "npy", a['data'])
  File "/home/ljulius/miniconda3/envs/uls/lib/python3.9/site-packages/numpy/lib/npyio.py", line 253, in __getitem__
    return format.read_array(bytes,
  File "/home/ljulius/miniconda3/envs/uls/lib/python3.9/site-packages/numpy/lib/format.py", line 788, in read_array
    raise ValueError("Object arrays cannot be loaded when "
ValueError: Object arrays cannot be loaded when allow_pickle=False
"""

The above exception was the direct cause of the following exception:

Traceback (most recent call last):
  File "/home/ljulius/miniconda3/envs/uls/bin/nnUNetv2_train", line 8, in <module>
    sys.exit(run_training_entry())
  File "/gpfs/home4/ljulius/algorithm/nnunet/nnunetv2/run/run_training.py", line 268, in run_training_entry
    run_training(args.dataset_name_or_id, args.configuration, args.fold, args.tr, args.p, args.pretrained_weights,
  File "/gpfs/home4/ljulius/algorithm/nnunet/nnunetv2/run/run_training.py", line 204, in run_training
    nnunet_trainer.run_training()
  File "/gpfs/home4/ljulius/algorithm/nnunet/nnunetv2/training/nnUNetTrainer/nnUNetTrainer.py", line 1267, in run_training
    self.on_train_start()
  File "/gpfs/home4/ljulius/algorithm/nnunet/nnunetv2/training/nnUNetTrainer/nnUNetTrainer.py", line 826, in on_train_start
    unpack_dataset(self.preprocessed_dataset_folder, unpack_segmentation=True, overwrite_existing=False,
  File "/gpfs/home4/ljulius/algorithm/nnunet/nnunetv2/training/dataloading/utils.py", line 113, in unpack_dataset
    p.starmap(_convert_to_npy, zip(npz_files,
  File "/home/ljulius/miniconda3/envs/uls/lib/python3.9/multiprocessing/pool.py", line 372, in starmap
    return self._map_async(func, iterable, starmapstar, chunksize).get()
  File "/home/ljulius/miniconda3/envs/uls/lib/python3.9/multiprocessing/pool.py", line 771, in get
    raise self._value
ValueError: Object arrays cannot be loaded when allow_pickle=False
Done at Tue May 28 08:01:07 CEST 2024

JOB STATISTICS
==============
Job ID: 6404266
Cluster: snellius
User/Group: ljulius/ljulius
State: COMPLETED (exit code 0)
Nodes: 1
Cores per node: 18
CPU Utilized: 00:01:05
CPU Efficiency: 2.96% of 00:36:36 core-walltime
Job Wall-clock time: 00:02:02
Memory Utilized: 17.14 MB
Memory Efficiency: 0.04% of 40.00 GB
